Ansys Lumerical 2020 R2.3 FDTD Solver Version 8.24.2466 (Windows 64bit)
 expires (month/day/year): 12/5/2020
using config file: C:/Users/EP1CAL-NANO/AppData/Roaming/Lumerical/License.ini
license host: EP1CAL-NANO
current time: Wed Oct 28 10:01:51 2020
Running on host: EP1CAL-NANO
host available memory (GB): 45.733376
All processes are communicating and ready to proceed to simulation...
Running fsp file: C:\Program Files\Lumerical\v202\bin\fdtd-engine-msmpi.exe -t 1 -remote G:/Data/Hinamoto/FDTDSolutions/MultipolarExpansion/201027_MatlabImplementation/MENP_SiNP_r100.fsp
number of processors is 12
processors are distributed as: 2x2x3
Running 3D Simulation
Starting meshing
Simulation size in gridpoints: 42 x 42 x 28
Refined 0 mesh cells (0%)
Completed meshing!
Meshing complete in 0.03125 seconds of CPU time
0 0
Starting meshing
Simulation size in gridpoints: 42 x 42 x 28
Refined 0 mesh cells (0%)
Completed meshing!
Meshing complete in 0.015625 seconds of CPU time
0 0
Starting meshing
Simulation size in gridpoints: 42 x 42 x 28
Refined 0 mesh cells (0%)
Completed meshing!
Meshing complete in 0.015625 seconds of CPU time
0 0
finished material properties
Meshing Time: 0.0588362 seconds, Init Electrical Material Time: 0.0063829 seconds, Init Magnetic Material Time: 0.0002241
Using selected optimization level: 2
Selecting 3d kernel for splitFieldDirection=0 and optLevel=2
-----------------------------------------
Beginning initialization of 3D Simulation
Starting to add sources to simulation
Adding 3D TFSF source propagating in Z
snapPEC is a duplicate key.
Starting meshing
Simulation size in gridpoints: 3 x 3 x 198
Refined 0 mesh cells (0%)
Completed meshing!
Meshing complete in 0 seconds of CPU time
0 0
Starting meshing
Simulation size in gridpoints: 3 x 3 x 198
Refined 0 mesh cells (0%)
Completed meshing!
Meshing complete in 0 seconds of CPU time
0 0
Starting meshing
Simulation size in gridpoints: 3 x 3 x 198
Refined 0 mesh cells (0%)
Completed meshing!
Meshing complete in 0 seconds of CPU time
0 0
finished material properties
Meshing Time: 0.0041492 seconds, Init Electrical Material Time: 0.0004384 seconds, Init Magnetic Material Time: 9.8e-06
Using selected optimization level: 2
Selecting 3d kernel for splitFieldDirection=0 and optLevel=2
Starting to add boundary conditions to simulation
Adding 3D PML BC
Adding 3D Parallel BC
Adding 3D PML BC
Adding 3D Parallel BC
Adding 3D PML BC
Adding 3D Parallel BC
Starting to add monitors to Simulation
Adding analysis monitor
Adding analysis monitor
Adding 3D DFT monitor
Adding 3D DFT monitor
Adding 3D DFT monitor
Adding 3D DFT monitor
Adding 3D DFT monitor
Adding 3D DFT monitor
Adding analysis monitor
Adding 3D DFT monitor
Adding 3D DFT monitor
Adding 3D DFT monitor
Adding 3D DFT monitor
Adding 3D DFT monitor
Adding 3D DFT monitor
Adding analysis monitor
Adding 3D DFT monitor
Adding 3D index monitor
Finished initialization of 3D Simulation
-----------------------------------------
All processes are communicating and ready to proceed to simulation...
Starting 65563 total iterations
0.0732125% complete. Max time remaining: 15 mins, 21 secs. Auto Shutoff: 1
1.147% complete. Max time remaining: 15 mins, 54 secs. Auto Shutoff: 1
2.3184% complete. Max time remaining: 15 mins, 16 secs. Auto Shutoff: 0.0708925
3.48979% complete. Max time remaining: 15 mins, 23 secs. Auto Shutoff: 0.0253966
4.66119% complete. Max time remaining: 15 mins, 39 secs. Auto Shutoff: 0.0102554
5.73498% complete. Max time remaining: 15 mins, 29 secs. Auto Shutoff: 0.00291198
6.80876% complete. Max time remaining: 15 mins, 21 secs. Auto Shutoff: 0.000572328
7.88254% complete. Max time remaining: 15 mins, 15 secs. Auto Shutoff: 0.000943094
8.95633% complete. Max time remaining: 15 mins, 15 secs. Auto Shutoff: 0.00034475
10.1277% complete. Max time remaining: 15 mins, 6 secs. Auto Shutoff: 6.35438e-05
11.2015% complete. Max time remaining: 14 mins, 52 secs. Auto Shutoff: 9.46695e-05
12.2753% complete. Max time remaining: 14 mins, 40 secs. Auto Shutoff: 4.50192e-05
100% complete. Max time remaining: 0 mins, 0 secs. Auto Shutoff: 9.00025e-06
Early termination of simulation, the autoshutoff criteria are satisfied.
Completed 8360 iterations, or 1.275117e-13s of Simulation Time
Process 0 starting to collect data
    collecting monitor data
    collecting source data
snapPEC is a duplicate key.
Starting meshing
Simulation size in gridpoints: 3 x 3 x 198
Refined 0 mesh cells (0.000000e+00%)
Completed meshing!
Meshing complete in 0.000000e+00 seconds of CPU time
0 0
Starting meshing
Simulation size in gridpoints: 3 x 3 x 198
Refined 0 mesh cells (0.000000e+00%)
Completed meshing!
Meshing complete in 0.000000e+00 seconds of CPU time
0 0
Starting meshing
Simulation size in gridpoints: 3 x 3 x 198
Refined 0 mesh cells (0.000000e+00%)
Completed meshing!
Meshing complete in 0.000000e+00 seconds of CPU time
0 0
finished material properties
Meshing Time: 4.592600e-03 seconds, Init Electrical Material Time: 4.607000e-04 seconds, Init Magnetic Material Time: 1.290000e-05
Using selected optimization level: 0
Selecting 3d kernel for splitFieldDirection=0 and optLevel=0
Finished collecting data
Simulation completed successfully at: Wed Oct 28 10:04:16 2020
Overall wall time measurements in seconds: 149.722
    time to mesh and initialize: 2.89245
    time to run FDTD simulation: 128.862
    time to checkpoint simulation: 1.7e-06
    time to finalize data and save to files: 12.5027
    miscellaneous time: 5.46494
    FDTD solver speed on process 0: 3.20433 Mnodes/s
    total FDTD solver speed on 12 processes: 38.452 Mnodes/s
