Ansys Lumerical 2020 R2.3 FDTD Solver Version 8.24.2466 (Windows 64bit)
 expires (month/day/year): 12/5/2020
using config file: C:/Users/EP1CAL-NANO/AppData/Roaming/Lumerical/License.ini
license host: EP1CAL-NANO
current time: Wed Oct 28 15:47:25 2020
Running on host: EP1CAL-NANO
host available memory (GB): 56.833896
All processes are communicating and ready to proceed to simulation...
Running fsp file: C:\Program Files\Lumerical\v202\bin\fdtd-engine-msmpi.exe -t 1 -remote G:/Data/Hinamoto/FDTDSolutions/MultipoleExpansion/201027_MatlabImplementation/demo_disk/MENP_SiND_D310H50.fsp
number of processors is 12
processors are distributed as: 2x3x2
Running 3D Simulation
Starting meshing
Simulation size in gridpoints: 56 x 38 x 43
Refined 0 mesh cells (0%)
Completed meshing!
Meshing complete in 0.078125 seconds of CPU time
38480 38480
Starting meshing
Simulation size in gridpoints: 56 x 38 x 43
Refined 0 mesh cells (0%)
Completed meshing!
Meshing complete in 0.078125 seconds of CPU time
42160 42160
Starting meshing
Simulation size in gridpoints: 56 x 38 x 43
Refined 0 mesh cells (0%)
Completed meshing!
Meshing complete in 0.0625 seconds of CPU time
17360 17360
finished material properties
Meshing Time: 0.154076 seconds, Init Electrical Material Time: 0.141873 seconds, Init Magnetic Material Time: 0.00119
Using selected optimization level: 2
Selecting 3d kernel for splitFieldDirection=0 and optLevel=2
-----------------------------------------
Beginning initialization of 3D Simulation
Starting to add sources to simulation
Adding 3D TFSF source propagating in Z
snapPEC is a duplicate key.
Starting meshing
Simulation size in gridpoints: 3 x 3 x 197
Refined 0 mesh cells (0%)
Completed meshing!
Meshing complete in 0.015625 seconds of CPU time
0 0
Starting meshing
Simulation size in gridpoints: 3 x 3 x 197
Refined 0 mesh cells (0%)
Completed meshing!
Meshing complete in 0 seconds of CPU time
0 0
Starting meshing
Simulation size in gridpoints: 3 x 3 x 197
Refined 0 mesh cells (0%)
Completed meshing!
Meshing complete in 0 seconds of CPU time
0 0
finished material properties
Meshing Time: 0.0065945 seconds, Init Electrical Material Time: 0.0010269 seconds, Init Magnetic Material Time: 3.34e-05
Using selected optimization level: 2
Selecting 3d kernel for splitFieldDirection=0 and optLevel=2
Starting to add boundary conditions to simulation
Adding 3D PML BC
Adding 3D Parallel BC
Adding 3D PML BC
Adding 3D Parallel BC
Adding 3D PML BC
Adding 3D Parallel BC
Starting to add monitors to Simulation
Adding analysis monitor
Adding analysis monitor
Adding 3D DFT monitor
Adding 3D DFT monitor
Adding 3D DFT monitor
Adding 3D DFT monitor
Adding 3D DFT monitor
Adding 3D DFT monitor
Adding analysis monitor
Adding 3D DFT monitor
Adding 3D DFT monitor
Adding 3D DFT monitor
Adding 3D DFT monitor
Adding 3D DFT monitor
Adding 3D DFT monitor
Adding analysis monitor
Adding 3D DFT monitor
Adding 3D index monitor
Finished initialization of 3D Simulation
-----------------------------------------
All processes are communicating and ready to proceed to simulation...
Starting 88293 total iterations
0.0543644% complete. Max time remaining: 30 mins, 50 secs. Auto Shutoff: 1
1.06917% complete. Max time remaining: 27 mins, 32 secs. Auto Shutoff: 1
2.08397% complete. Max time remaining: 27 mins, 23 secs. Auto Shutoff: 0.0398836
3.09877% complete. Max time remaining: 27 mins, 17 secs. Auto Shutoff: 0.00350038
4.11357% complete. Max time remaining: 26 mins, 56 secs. Auto Shutoff: 0.00185035
5.12837% complete. Max time remaining: 26 mins, 44 secs. Auto Shutoff: 0.000126981
6.14317% complete. Max time remaining: 26 mins, 29 secs. Auto Shutoff: 8.86404e-05
100% complete. Max time remaining: 0 mins, 0 secs. Auto Shutoff: 9.67837e-06
Early termination of simulation, the autoshutoff criteria are satisfied.
Completed 5975 iterations, or 6.767231e-14s of Simulation Time
Process 0 starting to collect data
    collecting monitor data
    collecting source data
snapPEC is a duplicate key.
Starting meshing
Simulation size in gridpoints: 3 x 3 x 197
Refined 0 mesh cells (0.000000e+00%)
Completed meshing!
Meshing complete in 0.000000e+00 seconds of CPU time
0 0
Starting meshing
Simulation size in gridpoints: 3 x 3 x 197
Refined 0 mesh cells (0.000000e+00%)
Completed meshing!
Meshing complete in 1.562500e-02 seconds of CPU time
0 0
Starting meshing
Simulation size in gridpoints: 3 x 3 x 197
Refined 0 mesh cells (0.000000e+00%)
Completed meshing!
Meshing complete in 0.000000e+00 seconds of CPU time
0 0
finished material properties
Meshing Time: 5.104300e-03 seconds, Init Electrical Material Time: 4.623000e-04 seconds, Init Magnetic Material Time: 1.530000e-05
Using selected optimization level: 0
Selecting 3d kernel for splitFieldDirection=0 and optLevel=0
Finished collecting data
Simulation completed successfully at: Wed Oct 28 15:50:00 2020
Overall wall time measurements in seconds: 159.583
    time to mesh and initialize: 4.04022
    time to run FDTD simulation: 114.265
    time to checkpoint simulation: 8e-07
    time to finalize data and save to files: 35.8479
    miscellaneous time: 5.42908
    FDTD solver speed on process 0: 4.7848 Mnodes/s
    total FDTD solver speed on 12 processes: 57.4176 Mnodes/s
